<?xml version="1.0" encoding="UTF-8"?>
<!-- Generated by org.testng.reporters.JUnitReportReporter -->
<testsuite hostname="Dee-PC" failures="0" tests="4" name="com.herokuapp.theinternet.dropdowntests.DropdownTest" time="48.905" errors="0" timestamp="13 Oct 2018 16:43:17 GMT" skipped="0">
  <testcase classname="com.herokuapp.theinternet.dropdowntests.DropdownTest" name="optionTwoTest" time="15.157"/>
  <testcase classname="com.herokuapp.theinternet.dropdowntests.DropdownTest" name="optionTwoTest" time="17.420"/>
  <testcase classname="com.herokuapp.theinternet.dropdowntests.DropdownTest" name="optionTwoTest" time="10.028"/>
  <testcase classname="com.herokuapp.theinternet.dropdowntests.DropdownTest" name="optionTwoTest" time="6.300"/>
</testsuite> <!-- com.herokuapp.theinternet.dropdowntests.DropdownTest -->
