<?xml version="1.0" encoding="UTF-8"?>
<!-- Generated by org.testng.reporters.JUnitReportReporter -->
<testsuite hostname="Dee-PC" failures="0" tests="2" name="com.herokuapp.theinternet.checkboxespagetests.CheckboxesTests" time="20.413" errors="0" timestamp="13 Oct 2018 16:22:23 GMT" skipped="0">
  <testcase classname="com.herokuapp.theinternet.checkboxespagetests.CheckboxesTests" name="selectingTwoCheckboxesTest" time="9.413"/>
  <testcase classname="com.herokuapp.theinternet.checkboxespagetests.CheckboxesTests" name="selectingTwoCheckboxesTest" time="11.000"/>
</testsuite> <!-- com.herokuapp.theinternet.checkboxespagetests.CheckboxesTests -->
